[2019-01-27 09:16:25] main.DEBUG: cache_invalidate:  {"method":"GET","url":"http:/","invalidateInfo":{"tags":["interception","CONFIG"],"mode":"matchingTag"}} []
[2019-01-27 09:16:29] main.DEBUG: cache_invalidate:  {"method":"GET","url":"https://local.domain.com/","invalidateInfo":{"tags":["interception","CONFIG"],"mode":"matchingTag"}} []
[2019-01-27 09:16:57] main.DEBUG: cache_invalidate:  {"method":"GET","url":"https://local.domain.com/serviceworker.js","invalidateInfo":{"tags":["interception","CONFIG"],"mode":"matchingTag"}} []
[2019-01-27 09:43:53] main.DEBUG: cache_invalidate:  {"method":"GET","url":"https://local.domain.localhost/","invalidateInfo":{"tags":["interception","CONFIG"],"mode":"matchingTag"}} []
[2019-01-27 09:46:41] main.DEBUG: cache_invalidate:  {"method":"GET","url":"http://localhost/","invalidateInfo":{"tags":["interception","CONFIG"],"mode":"matchingTag"}} []
[2019-01-27 09:53:36] main.DEBUG: cache_invalidate:  {"method":"GET","url":"https://local.domain.com/","invalidateInfo":{"tags":["interception","CONFIG"],"mode":"matchingTag"}} []
[2019-01-27 09:55:35] main.DEBUG: cache_invalidate:  {"method":"GET","url":"https://local.domain.com/","invalidateInfo":{"tags":["interception","CONFIG"],"mode":"matchingTag"}} []
[2019-01-27 09:56:27] main.DEBUG: cache_invalidate:  {"method":"GET","url":"http://local.domain.com/","invalidateInfo":{"tags":["interception","CONFIG"],"mode":"matchingTag"}} []
[2019-01-27 10:09:44] main.DEBUG: cache_invalidate:  {"method":"GET","url":"http:/","invalidateInfo":{"tags":["interception","CONFIG"],"mode":"matchingTag"}} []
[2019-01-27 10:10:02] main.DEBUG: cache_invalidate:  {"method":"GET","url":"http://local.domain.com/","invalidateInfo":{"tags":["interception","CONFIG"],"mode":"matchingTag"}} []
[2019-01-27 10:15:11] main.DEBUG: cache_invalidate:  {"method":"GET","url":"http://local.domain.com/","invalidateInfo":{"tags":["interception","CONFIG"],"mode":"matchingTag"}} []
[2019-01-27 10:17:36] main.DEBUG: cache_invalidate:  {"method":"GET","url":"http://local.domain.com/","invalidateInfo":{"tags":["interception","CONFIG"],"mode":"matchingTag"}} []
[2019-01-27 10:22:15] main.DEBUG: cache_invalidate:  {"method":"GET","url":"http://local.domain.com/","invalidateInfo":{"tags":["interception","CONFIG"],"mode":"matchingTag"}} []
[2019-01-27 10:22:21] main.DEBUG: cache_invalidate:  {"method":"GET","url":"http://local.domain.com/","invalidateInfo":{"tags":["interception","CONFIG"],"mode":"matchingTag"}} []
[2019-01-27 10:23:42] main.DEBUG: cache_invalidate:  {"method":"GET","url":"http://local.domain.com/","invalidateInfo":{"tags":["interception","CONFIG"],"mode":"matchingTag"}} []
[2019-01-27 10:25:52] main.DEBUG: cache_invalidate:  {"method":"GET","url":"http://local.domain.com/","invalidateInfo":{"tags":["interception","CONFIG"],"mode":"matchingTag"}} []
[2019-01-27 10:26:47] main.DEBUG: cache_invalidate:  {"method":"GET","url":"http://local.domain.com/","invalidateInfo":{"tags":["interception","CONFIG"],"mode":"matchingTag"}} []
[2019-01-27 10:27:50] main.DEBUG: cache_invalidate:  {"method":"GET","url":"http://local.domain.com/women/tops-women/jackets-women.html","invalidateInfo":{"tags":["interception","CONFIG"],"mode":"matchingTag"}} []
[2019-01-27 10:30:22] main.DEBUG: cache_invalidate:  {"method":"GET","url":"http://local.domain.com/","invalidateInfo":{"tags":["interception","CONFIG"],"mode":"matchingTag"}} []
[2019-01-27 10:32:32] main.DEBUG: cache_invalidate:  {"method":"GET","url":"http:/","invalidateInfo":{"tags":["interception","CONFIG"],"mode":"matchingTag"}} []
[2019-01-27 10:34:42] main.DEBUG: cache_invalidate:  {"method":"GET","url":"http://local.domain.com/customer/section/load/?sections=cart&update_section_id=false&_=1548585278028","invalidateInfo":{"tags":["interception","CONFIG"],"mode":"matchingTag"}} []
[2019-01-27 10:34:42] main.DEBUG: cache_invalidate:  {"method":"GET","url":"http://local.domain.com/customer/section/load/?sections=cart&update_section_id=false&_=1548585278029","invalidateInfo":{"tags":["interception","CONFIG"],"mode":"matchingTag"}} []
[2019-01-27 10:34:45] main.DEBUG: cache_invalidate:  {"method":"GET","url":"http:/","invalidateInfo":{"tags":["interception","CONFIG"],"mode":"matchingTag"}} []
[2019-01-27 10:35:11] main.DEBUG: cache_invalidate:  {"method":"GET","url":"https://local.domain.com/serviceworker.js","invalidateInfo":{"tags":["interception","CONFIG"],"mode":"matchingTag"}} []
[2019-01-27 10:35:11] main.DEBUG: cache_invalidate:  {"method":"GET","url":"https://local.domain.com/customer/section/load/?sections=cart&update_section_id=false&_=1548585307338","invalidateInfo":{"tags":["interception","CONFIG"],"mode":"matchingTag"}} []
[2019-01-27 10:35:12] main.DEBUG: cache_invalidate:  {"method":"GET","url":"https://local.domain.com/customer/section/load/?sections=cart&update_section_id=false&_=1548585307339","invalidateInfo":{"tags":["interception","CONFIG"],"mode":"matchingTag"}} []
[2019-01-27 11:41:06] main.DEBUG: cache_invalidate:  {"method":"GET","url":"http://localhost/","invalidateInfo":{"tags":["interception","CONFIG"],"mode":"matchingTag"}} []
[2019-01-27 11:42:51] main.DEBUG: cache_invalidate:  {"method":"GET","url":"http://localhost/","invalidateInfo":{"tags":["interception","CONFIG"],"mode":"matchingTag"}} []
[2019-01-27 11:44:02] main.DEBUG: cache_invalidate:  {"method":"GET","url":"https://local.domain.com/","invalidateInfo":{"tags":["interception","CONFIG"],"mode":"matchingTag"}} []
[2019-01-27 11:46:06] main.DEBUG: cache_invalidate:  {"method":"GET","url":"http:/","invalidateInfo":{"tags":["interception","CONFIG"],"mode":"matchingTag"}} []
[2019-01-27 11:52:42] main.DEBUG: cache_invalidate:  {"method":"GET","url":"https://local.domain.com/","invalidateInfo":{"tags":["interception","CONFIG"],"mode":"matchingTag"}} []
[2019-01-27 11:57:13] main.DEBUG: cache_invalidate:  {"method":"GET","url":"https://local.domain.com/","invalidateInfo":{"tags":["interception","CONFIG"],"mode":"matchingTag"}} []
[2019-01-27 12:36:13] main.DEBUG: cache_invalidate:  {"method":"GET","url":"https://local.domain.com/","invalidateInfo":{"tags":["interception","CONFIG"],"mode":"matchingTag"}} []
[2019-01-27 12:37:50] main.DEBUG: cache_invalidate:  {"method":"GET","url":"https://local.domain.com/serviceworker.js","invalidateInfo":{"tags":["interception","CONFIG"],"mode":"matchingTag"}} []
[2019-01-27 12:41:48] main.DEBUG: cache_invalidate:  {"method":"GET","url":"https://local.domain.com/serviceworker.js","invalidateInfo":{"tags":["interception","CONFIG"],"mode":"matchingTag"}} []
[2019-01-27 12:44:42] main.DEBUG: cache_invalidate:  {"method":"GET","url":"https://local.domain.com/","invalidateInfo":{"tags":["interception","CONFIG"],"mode":"matchingTag"}} []
[2019-01-27 12:49:47] main.DEBUG: cache_invalidate:  {"method":"GET","url":"https://local.domain.com/","invalidateInfo":{"tags":["interception","CONFIG"],"mode":"matchingTag"}} []
[2019-01-27 12:52:38] main.DEBUG: cache_invalidate:  {"method":"GET","url":"https://local.domain.com/","invalidateInfo":{"tags":["interception","CONFIG"],"mode":"matchingTag"}} []
[2019-01-27 12:53:48] main.DEBUG: cache_invalidate:  {"method":"GET","url":"https://local.domain.com/","invalidateInfo":{"tags":["interception","CONFIG"],"mode":"matchingTag"}} []
[2019-01-27 12:55:24] main.DEBUG: cache_invalidate:  {"method":"GET","url":"https://local.domain.com/","invalidateInfo":{"tags":["interception","CONFIG"],"mode":"matchingTag"}} []
[2019-01-27 17:31:27] main.DEBUG: cache_invalidate:  {"method":"GET","url":"https://local.domain.com/","invalidateInfo":{"tags":["interception","CONFIG"],"mode":"matchingTag"}} []
[2019-01-27 17:32:45] main.DEBUG: cache_invalidate:  {"method":"GET","url":"https://local.domain.com/serviceworker.js","invalidateInfo":{"tags":["interception","CONFIG"],"mode":"matchingTag"}} []
[2019-01-27 17:41:38] main.DEBUG: cache_invalidate:  {"method":"GET","url":"https://local.domain.com/","invalidateInfo":{"tags":["interception","CONFIG"],"mode":"matchingTag"}} []
[2019-01-27 17:44:01] main.DEBUG: cache_invalidate:  {"method":"GET","url":"https://local.domain.com/","invalidateInfo":{"tags":["interception","CONFIG"],"mode":"matchingTag"}} []
[2019-01-27 17:45:58] main.DEBUG: cache_invalidate:  {"method":"GET","url":"https://local.domain.com/","invalidateInfo":{"tags":["interception","CONFIG"],"mode":"matchingTag"}} []
[2019-01-27 17:48:05] main.DEBUG: cache_invalidate:  {"method":"GET","url":"https://local.domain.com/","invalidateInfo":{"tags":["interception","CONFIG"],"mode":"matchingTag"}} []
[2019-01-27 17:52:49] main.DEBUG: cache_invalidate:  {"method":"GET","url":"https://local.domain.com/","invalidateInfo":{"tags":["interception","CONFIG"],"mode":"matchingTag"}} []
[2019-01-27 17:55:14] main.DEBUG: cache_invalidate:  {"method":"GET","url":"https://local.domain.com/","invalidateInfo":{"tags":["interception","CONFIG"],"mode":"matchingTag"}} []
[2019-01-27 17:57:13] main.DEBUG: cache_invalidate:  {"method":"GET","url":"https://local.domain.com/","invalidateInfo":{"tags":["interception","CONFIG"],"mode":"matchingTag"}} []
[2019-01-27 17:58:14] main.DEBUG: cache_invalidate:  {"method":"GET","url":"https://local.domain.com/","invalidateInfo":{"tags":["interception","CONFIG"],"mode":"matchingTag"}} []
[2019-01-27 17:59:53] main.DEBUG: cache_invalidate:  {"method":"GET","url":"https://local.domain.com/","invalidateInfo":{"tags":["interception","CONFIG"],"mode":"matchingTag"}} []
[2019-01-27 18:07:17] main.DEBUG: cache_invalidate:  {"method":"GET","url":"https://local.domain.com/","invalidateInfo":{"tags":["interception","CONFIG"],"mode":"matchingTag"}} []
[2019-01-27 18:09:56] main.DEBUG: cache_invalidate:  {"method":"GET","url":"https://local.domain.com/","invalidateInfo":{"tags":["interception","CONFIG"],"mode":"matchingTag"}} []
[2019-01-27 18:11:28] main.DEBUG: cache_invalidate:  {"method":"GET","url":"https://local.domain.com/","invalidateInfo":{"tags":["interception","CONFIG"],"mode":"matchingTag"}} []
[2019-01-27 18:13:12] main.DEBUG: cache_invalidate:  {"method":"GET","url":"https://local.domain.com/","invalidateInfo":{"tags":["interception","CONFIG"],"mode":"matchingTag"}} []
[2019-01-27 18:16:00] main.DEBUG: cache_invalidate:  {"method":"GET","url":"https://local.domain.com/","invalidateInfo":{"tags":["interception","CONFIG"],"mode":"matchingTag"}} []
[2019-01-27 18:16:50] main.DEBUG: cache_invalidate:  {"method":"GET","url":"https://local.domain.com/","invalidateInfo":{"tags":["interception","CONFIG"],"mode":"matchingTag"}} []
[2019-01-27 18:17:34] main.DEBUG: cache_invalidate:  {"method":"GET","url":"https://local.domain.com/","invalidateInfo":{"tags":["interception","CONFIG"],"mode":"matchingTag"}} []
[2019-01-27 18:19:08] main.DEBUG: cache_invalidate:  {"method":"GET","url":"https://local.domain.com/","invalidateInfo":{"tags":["interception","CONFIG"],"mode":"matchingTag"}} []
[2019-01-27 18:24:11] main.DEBUG: cache_invalidate:  {"method":"GET","url":"https://local.domain.com/","invalidateInfo":{"tags":["interception","CONFIG"],"mode":"matchingTag"}} []
[2019-01-27 18:27:41] main.DEBUG: cache_invalidate:  {"method":"GET","url":"https://local.domain.com/","invalidateInfo":{"tags":["interception","CONFIG"],"mode":"matchingTag"}} []
[2019-01-27 18:31:05] main.DEBUG: cache_invalidate:  {"method":"GET","url":"https://local.domain.com/","invalidateInfo":{"tags":["interception","CONFIG"],"mode":"matchingTag"}} []
[2019-01-27 18:31:59] main.DEBUG: cache_invalidate:  {"method":"GET","url":"https://local.domain.com/","invalidateInfo":{"tags":["interception","CONFIG"],"mode":"matchingTag"}} []
[2019-01-27 18:33:05] main.DEBUG: cache_invalidate:  {"method":"GET","url":"https://local.domain.com/","invalidateInfo":{"tags":["interception","CONFIG"],"mode":"matchingTag"}} []
[2019-01-27 18:44:25] main.DEBUG: cache_invalidate:  {"method":"GET","url":"https://local.domain.com/","invalidateInfo":{"tags":["interception","CONFIG"],"mode":"matchingTag"}} []
[2019-01-27 18:48:34] main.DEBUG: cache_invalidate:  {"method":"GET","url":"https://local.domain.com/","invalidateInfo":{"tags":["interception","CONFIG"],"mode":"matchingTag"}} []
[2019-01-27 18:50:08] main.DEBUG: cache_invalidate:  {"method":"GET","url":"https://local.domain.com/","invalidateInfo":{"tags":["interception","CONFIG"],"mode":"matchingTag"}} []
[2019-01-27 18:51:32] main.DEBUG: cache_invalidate:  {"method":"GET","url":"https://local.domain.com/","invalidateInfo":{"tags":["interception","CONFIG"],"mode":"matchingTag"}} []
[2019-01-27 18:55:54] main.DEBUG: cache_invalidate:  {"method":"GET","url":"https://local.domain.com/","invalidateInfo":{"tags":["interception","CONFIG"],"mode":"matchingTag"}} []
[2019-01-27 19:03:01] main.DEBUG: cache_invalidate:  {"method":"GET","url":"https://local.domain.com/","invalidateInfo":{"tags":["interception","CONFIG"],"mode":"matchingTag"}} []
[2019-01-27 19:05:25] main.DEBUG: cache_invalidate:  {"method":"GET","url":"https://local.domain.com/","invalidateInfo":{"tags":["interception","CONFIG"],"mode":"matchingTag"}} []
[2019-01-27 19:06:50] main.DEBUG: cache_invalidate:  {"method":"GET","url":"https://local.domain.com/","invalidateInfo":{"tags":["interception","CONFIG"],"mode":"matchingTag"}} []
[2019-01-27 19:08:10] main.DEBUG: cache_invalidate:  {"method":"GET","url":"https://local.domain.com/","invalidateInfo":{"tags":["interception","CONFIG"],"mode":"matchingTag"}} []
[2019-01-27 19:10:30] main.DEBUG: cache_invalidate:  {"method":"GET","url":"https://local.domain.com/","invalidateInfo":{"tags":["interception","CONFIG"],"mode":"matchingTag"}} []
[2019-01-27 19:12:12] main.DEBUG: cache_invalidate:  {"method":"GET","url":"https://local.domain.com/","invalidateInfo":{"tags":["interception","CONFIG"],"mode":"matchingTag"}} []
[2019-01-27 19:16:49] main.DEBUG: cache_invalidate:  {"method":"GET","url":"https://local.domain.com/","invalidateInfo":{"tags":["interception","CONFIG"],"mode":"matchingTag"}} []
[2019-01-27 19:17:54] main.DEBUG: cache_invalidate:  {"method":"GET","url":"https://local.domain.com/","invalidateInfo":{"tags":["interception","CONFIG"],"mode":"matchingTag"}} []
[2019-01-27 19:20:07] main.DEBUG: cache_invalidate:  {"method":"GET","url":"https://local.domain.com/","invalidateInfo":{"tags":["interception","CONFIG"],"mode":"matchingTag"}} []
[2019-01-27 19:23:30] main.DEBUG: cache_invalidate:  {"method":"GET","url":"https://local.domain.com/","invalidateInfo":{"tags":["interception","CONFIG"],"mode":"matchingTag"}} []
[2019-01-27 19:27:30] main.DEBUG: cache_invalidate:  {"method":"GET","url":"https://local.domain.com/","invalidateInfo":{"tags":["interception","CONFIG"],"mode":"matchingTag"}} []
[2019-01-27 19:30:41] main.DEBUG: cache_invalidate:  {"method":"GET","url":"https://local.domain.com/","invalidateInfo":{"tags":["interception","CONFIG"],"mode":"matchingTag"}} []
[2019-01-27 19:33:42] main.DEBUG: cache_invalidate:  {"method":"GET","url":"https://local.domain.com/","invalidateInfo":{"tags":["interception","CONFIG"],"mode":"matchingTag"}} []
[2019-01-27 19:42:36] main.DEBUG: cache_invalidate:  {"method":"GET","url":"http:/","invalidateInfo":{"tags":["interception","CONFIG"],"mode":"matchingTag"}} []
[2019-01-27 19:42:38] main.DEBUG: cache_invalidate:  {"method":"GET","url":"https://local.domain.com/","invalidateInfo":{"tags":["interception","CONFIG"],"mode":"matchingTag"}} []
[2019-01-27 19:43:04] main.DEBUG: cache_invalidate:  {"method":"GET","url":"http:/","invalidateInfo":{"tags":["interception","CONFIG"],"mode":"matchingTag"}} []
[2019-01-27 19:43:26] main.DEBUG: cache_invalidate:  {"method":"GET","url":"http:/","invalidateInfo":{"tags":["interception","CONFIG"],"mode":"matchingTag"}} []
[2019-01-27 19:43:37] main.DEBUG: cache_invalidate:  {"method":"GET","url":"https://local.domain.com/","invalidateInfo":{"tags":["interception","CONFIG"],"mode":"matchingTag"}} []
[2019-01-27 19:44:19] main.DEBUG: cache_invalidate:  {"method":"GET","url":"https://local.domain.com/","invalidateInfo":{"tags":["interception","CONFIG"],"mode":"matchingTag"}} []
[2019-01-27 19:45:20] main.DEBUG: cache_invalidate:  {"method":"GET","url":"https://local.domain.com/","invalidateInfo":{"tags":["interception","CONFIG"],"mode":"matchingTag"}} []
[2019-01-27 19:46:12] main.DEBUG: cache_invalidate:  {"method":"GET","url":"https://local.domain.com/","invalidateInfo":{"tags":["interception","CONFIG"],"mode":"matchingTag"}} []
[2019-01-28 05:50:09] main.DEBUG: cache_invalidate:  {"method":"GET","url":"https://local.domain.com/","invalidateInfo":{"tags":["interception","CONFIG"],"mode":"matchingTag"}} []
[2019-01-28 05:52:12] main.DEBUG: cache_invalidate:  {"method":"GET","url":"https://local.domain.com/","invalidateInfo":{"tags":["interception","CONFIG"],"mode":"matchingTag"}} []
[2019-01-28 05:56:51] main.DEBUG: cache_invalidate:  {"method":"GET","url":"https://local.domain.com/","invalidateInfo":{"tags":["interception","CONFIG"],"mode":"matchingTag"}} []
[2019-01-28 06:00:16] main.DEBUG: cache_invalidate:  {"method":"GET","url":"https://local.domain.com/","invalidateInfo":{"tags":["interception","CONFIG"],"mode":"matchingTag"}} []
[2019-01-28 06:02:29] main.DEBUG: cache_invalidate:  {"method":"GET","url":"https://local.domain.com/juno-jacket.html","invalidateInfo":{"tags":["interception","CONFIG"],"mode":"matchingTag"}} []
[2019-01-28 06:04:24] main.DEBUG: cache_invalidate:  {"method":"GET","url":"https://local.domain.com/","invalidateInfo":{"tags":["interception","CONFIG"],"mode":"matchingTag"}} []
[2019-01-28 06:06:41] main.DEBUG: cache_invalidate:  {"method":"GET","url":"http:/","invalidateInfo":{"tags":["interception","CONFIG"],"mode":"matchingTag"}} []
[2019-01-28 06:07:09] main.DEBUG: cache_invalidate:  {"method":"GET","url":"https://local.domain.com/","invalidateInfo":{"tags":["interception","CONFIG"],"mode":"matchingTag"}} []
[2019-01-28 06:13:19] main.DEBUG: cache_invalidate:  {"method":"GET","url":"https://local.domain.com/","invalidateInfo":{"tags":["interception","CONFIG"],"mode":"matchingTag"}} []
[2019-01-28 06:16:06] main.DEBUG: cache_invalidate:  {"method":"GET","url":"https://local.domain.com/","invalidateInfo":{"tags":["interception","CONFIG"],"mode":"matchingTag"}} []
[2019-01-28 06:26:14] main.DEBUG: cache_invalidate:  {"method":"GET","url":"https://local.domain.com/","invalidateInfo":{"tags":["interception","CONFIG"],"mode":"matchingTag"}} []
[2019-01-28 06:37:01] main.DEBUG: cache_invalidate:  {"method":"GET","url":"https://local.domain.com/","invalidateInfo":{"tags":["interception","CONFIG"],"mode":"matchingTag"}} []
[2019-01-28 06:39:04] main.DEBUG: cache_invalidate:  {"method":"GET","url":"https://local.domain.com/","invalidateInfo":{"tags":["interception","CONFIG"],"mode":"matchingTag"}} []
[2019-01-28 06:39:46] main.DEBUG: cache_invalidate:  {"method":"GET","url":"https://local.domain.com/serviceworker.js","invalidateInfo":{"tags":["interception","CONFIG"],"mode":"matchingTag"}} []
[2019-01-28 06:59:34] main.DEBUG: cache_invalidate:  {"method":"GET","url":"http:/","invalidateInfo":{"tags":["interception","CONFIG"],"mode":"matchingTag"}} []
[2019-01-28 06:59:36] main.DEBUG: cache_invalidate:  {"method":"GET","url":"https://local.domain.com/","invalidateInfo":{"tags":["interception","CONFIG"],"mode":"matchingTag"}} []
[2019-01-28 06:59:58] main.DEBUG: cache_invalidate:  {"method":"GET","url":"https://local.domain.com/customer/section/load/?sections=cart&update_section_id=false&_=1548658795470","invalidateInfo":{"tags":["interception","CONFIG"],"mode":"matchingTag"}} []
[2019-01-28 06:59:58] main.DEBUG: cache_invalidate:  {"method":"GET","url":"https://local.domain.com/customer/section/load/?sections=cart&update_section_id=false&_=1548658795471","invalidateInfo":{"tags":["interception","CONFIG"],"mode":"matchingTag"}} []
[2019-01-28 07:00:00] main.DEBUG: cache_invalidate:  {"method":"GET","url":"https://local.domain.com/serviceworker.js","invalidateInfo":{"tags":["interception","CONFIG"],"mode":"matchingTag"}} []
[2019-01-28 07:43:23] main.DEBUG: cache_invalidate:  {"method":"GET","url":"https://local.domain.com/","invalidateInfo":{"tags":["interception","CONFIG"],"mode":"matchingTag"}} []
[2019-01-28 07:44:54] main.DEBUG: cache_invalidate:  {"method":"GET","url":"https://local.domain.com/serviceworker.js","invalidateInfo":{"tags":["interception","CONFIG"],"mode":"matchingTag"}} []
[2019-01-28 07:44:56] main.DEBUG: cache_invalidate:  {"method":"GET","url":"http:/","invalidateInfo":{"tags":["interception","CONFIG"],"mode":"matchingTag"}} []
[2019-01-28 07:45:11] main.DEBUG: cache_invalidate:  {"method":"GET","url":"https://local.domain.com/","invalidateInfo":{"tags":["interception","CONFIG"],"mode":"matchingTag"}} []
[2019-01-28 07:45:50] main.DEBUG: cache_invalidate:  {"method":"GET","url":"https://local.domain.com/serviceworker.js","invalidateInfo":{"tags":["interception","CONFIG"],"mode":"matchingTag"}} []
[2019-01-28 07:45:51] main.DEBUG: cache_invalidate:  {"method":"GET","url":"http:/","invalidateInfo":{"tags":["interception","CONFIG"],"mode":"matchingTag"}} []
[2019-01-28 07:46:12] main.DEBUG: cache_invalidate:  {"method":"GET","url":"https://local.domain.com/","invalidateInfo":{"tags":["interception","CONFIG"],"mode":"matchingTag"}} []
[2019-01-28 07:47:59] main.DEBUG: cache_invalidate:  {"method":"GET","url":"https://local.domain.com/","invalidateInfo":{"tags":["interception","CONFIG"],"mode":"matchingTag"}} []
[2019-01-28 08:00:38] main.DEBUG: cache_invalidate:  {"method":"GET","url":"https://local.domain.com/","invalidateInfo":{"tags":["interception","CONFIG"],"mode":"matchingTag"}} []
[2019-01-28 08:04:02] main.DEBUG: cache_invalidate:  {"method":"GET","url":"https://local.domain.com/","invalidateInfo":{"tags":["interception","CONFIG"],"mode":"matchingTag"}} []
[2019-01-28 08:08:46] main.DEBUG: cache_invalidate:  {"method":"GET","url":"http:/","invalidateInfo":{"tags":["interception","CONFIG"],"mode":"matchingTag"}} []
[2019-01-28 08:15:02] main.DEBUG: cache_invalidate:  {"method":"GET","url":"https://local.domain.com/serviceworker.js","invalidateInfo":{"tags":["interception","CONFIG"],"mode":"matchingTag"}} []
[2019-01-28 08:16:05] main.DEBUG: cache_invalidate:  {"method":"GET","url":"https://local.domain.com/serviceworker.js","invalidateInfo":{"tags":["interception","CONFIG"],"mode":"matchingTag"}} []
[2019-01-28 08:16:06] main.DEBUG: cache_invalidate:  {"method":"GET","url":"http:/","invalidateInfo":{"tags":["interception","CONFIG"],"mode":"matchingTag"}} []
[2019-01-28 08:16:23] main.DEBUG: cache_invalidate:  {"method":"GET","url":"https://local.domain.com/","invalidateInfo":{"tags":["interception","CONFIG"],"mode":"matchingTag"}} []
[2019-01-28 08:17:24] main.DEBUG: cache_invalidate:  {"method":"GET","url":"https://local.domain.com/","invalidateInfo":{"tags":["interception","CONFIG"],"mode":"matchingTag"}} []
[2019-01-28 08:43:13] main.DEBUG: cache_invalidate:  {"method":"GET","url":"https://local.domain.com/","invalidateInfo":{"tags":["interception","CONFIG"],"mode":"matchingTag"}} []
[2019-01-28 08:44:22] main.DEBUG: cache_invalidate:  {"method":"GET","url":"https://local.domain.com/serviceworker.js","invalidateInfo":{"tags":["interception","CONFIG"],"mode":"matchingTag"}} []
[2019-01-28 08:44:24] main.DEBUG: cache_invalidate:  {"method":"GET","url":"https://local.domain.com/","invalidateInfo":{"tags":["interception","CONFIG"],"mode":"matchingTag"}} []
[2019-01-28 08:47:24] main.DEBUG: cache_invalidate:  {"method":"GET","url":"http:/","invalidateInfo":{"tags":["interception","CONFIG"],"mode":"matchingTag"}} []
[2019-01-28 08:47:40] main.DEBUG: cache_invalidate:  {"method":"GET","url":"http:/","invalidateInfo":{"tags":["interception","CONFIG"],"mode":"matchingTag"}} []
[2019-01-28 08:54:50] main.DEBUG: cache_invalidate:  {"method":"GET","url":"https://local.domain.com/static/version1548665567/frontend/Magento/luma/en_US/Magento_Ui/js/lib/knockout/template/observable_source.js?resource=frontend/Magento/luma/en_US/Magento_Ui/js/lib/knockout/template/observable_source.js","invalidateInfo":{"tags":["interception","CONFIG"],"mode":"matchingTag"}} []
[2019-01-28 08:54:51] main.DEBUG: cache_invalidate:  {"method":"GET","url":"https://local.domain.com/static/version1548665567/frontend/Magento/luma/en_US/Magento_Ui/js/lib/knockout/template/renderer.js?resource=frontend/Magento/luma/en_US/Magento_Ui/js/lib/knockout/template/renderer.js","invalidateInfo":{"tags":["interception","CONFIG"],"mode":"matchingTag"}} []
[2019-01-28 08:54:51] main.DEBUG: cache_invalidate:  {"method":"GET","url":"https://local.domain.com/static/version1548665567/frontend/Magento/luma/en_US/Magento_Ui/js/lib/logger/console-logger.js?resource=frontend/Magento/luma/en_US/Magento_Ui/js/lib/logger/console-logger.js","invalidateInfo":{"tags":["interception","CONFIG"],"mode":"matchingTag"}} []
[2019-01-28 08:54:53] main.DEBUG: cache_invalidate:  {"method":"GET","url":"https://local.domain.com/serviceworker.js","invalidateInfo":{"tags":["interception","CONFIG"],"mode":"matchingTag"}} []
[2019-01-28 09:00:00] main.DEBUG: cache_invalidate:  {"method":"GET","url":"https://local.domain.com/","invalidateInfo":{"tags":["interception","CONFIG"],"mode":"matchingTag"}} []
[2019-01-28 09:00:02] main.DEBUG: cache_invalidate:  {"method":"GET","url":"https://local.domain.com/serviceworker.js","invalidateInfo":{"tags":["interception","CONFIG"],"mode":"matchingTag"}} []
[2019-01-28 09:00:55] main.DEBUG: cache_invalidate:  {"method":"GET","url":"https://local.domain.com/","invalidateInfo":{"tags":["interception","CONFIG"],"mode":"matchingTag"}} []
[2019-01-28 09:00:57] main.DEBUG: cache_invalidate:  {"method":"GET","url":"https://local.domain.com/serviceworker.js","invalidateInfo":{"tags":["interception","CONFIG"],"mode":"matchingTag"}} []
[2019-01-28 09:02:44] main.DEBUG: cache_invalidate:  {"method":"GET","url":"https://local.domain.com/","invalidateInfo":{"tags":["interception","CONFIG"],"mode":"matchingTag"}} []
[2019-01-28 09:03:30] main.DEBUG: cache_invalidate:  {"method":"GET","url":"https://local.domain.com/","invalidateInfo":{"tags":["interception","CONFIG"],"mode":"matchingTag"}} []
[2019-01-28 09:05:21] main.DEBUG: cache_invalidate:  {"method":"GET","url":"https://local.domain.com/","invalidateInfo":{"tags":["interception","CONFIG"],"mode":"matchingTag"}} []
[2019-01-28 09:07:03] main.DEBUG: cache_invalidate:  {"method":"GET","url":"https://local.domain.com/","invalidateInfo":{"tags":["interception","CONFIG"],"mode":"matchingTag"}} []
[2019-01-28 09:15:54] main.DEBUG: cache_invalidate:  {"method":"GET","url":"https://local.domain.com/","invalidateInfo":{"tags":["interception","CONFIG"],"mode":"matchingTag"}} []
[2019-01-28 09:17:40] main.DEBUG: cache_invalidate:  {"method":"GET","url":"https://local.domain.com/","invalidateInfo":{"tags":["interception","CONFIG"],"mode":"matchingTag"}} []
[2019-01-28 09:20:01] main.DEBUG: cache_invalidate:  {"method":"GET","url":"https://local.domain.com/","invalidateInfo":{"tags":["interception","CONFIG"],"mode":"matchingTag"}} []
[2019-01-28 09:21:46] main.DEBUG: cache_invalidate:  {"method":"GET","url":"http:/","invalidateInfo":{"tags":["interception","CONFIG"],"mode":"matchingTag"}} []
[2019-01-28 09:40:29] main.DEBUG: cache_invalidate:  {"method":"GET","url":"http:/","invalidateInfo":{"tags":["interception","CONFIG"],"mode":"matchingTag"}} []
[2019-01-28 09:41:04] main.DEBUG: cache_invalidate:  {"method":"GET","url":"https://local.domain.com/serviceworker.js","invalidateInfo":{"tags":["interception","CONFIG"],"mode":"matchingTag"}} []
[2019-01-28 09:42:23] main.DEBUG: cache_invalidate:  {"method":"GET","url":"https://local.domain.com/serviceworker.js","invalidateInfo":{"tags":["interception","CONFIG"],"mode":"matchingTag"}} []
[2019-01-28 09:42:25] main.DEBUG: cache_invalidate:  {"method":"GET","url":"http:/","invalidateInfo":{"tags":["interception","CONFIG"],"mode":"matchingTag"}} []
[2019-01-28 09:42:41] main.DEBUG: cache_invalidate:  {"method":"GET","url":"https://local.domain.com/serviceworker.js","invalidateInfo":{"tags":["interception","CONFIG"],"mode":"matchingTag"}} []
[2019-01-28 10:27:01] main.DEBUG: cache_invalidate:  {"method":"GET","url":"http:/","invalidateInfo":{"tags":["interception","CONFIG"],"mode":"matchingTag"}} []
[2019-01-28 10:27:06] main.DEBUG: cache_invalidate:  {"method":"GET","url":"https://local.domain.com/serviceworker.js","invalidateInfo":{"tags":["interception","CONFIG"],"mode":"matchingTag"}} []
[2019-01-28 10:27:25] main.DEBUG: cache_invalidate:  {"method":"GET","url":"https://local.domain.com/serviceworker.js","invalidateInfo":{"tags":["interception","CONFIG"],"mode":"matchingTag"}} []
[2019-01-28 10:29:17] main.DEBUG: cache_invalidate:  {"method":"GET","url":"https://local.domain.com/","invalidateInfo":{"tags":["interception","CONFIG"],"mode":"matchingTag"}} []
[2019-01-28 10:32:44] main.DEBUG: cache_invalidate:  {"method":"GET","url":"https://local.domain.com/","invalidateInfo":{"tags":["interception","CONFIG"],"mode":"matchingTag"}} []
[2019-01-28 10:37:57] main.DEBUG: cache_invalidate:  {"method":"GET","url":"https://local.domain.com/","invalidateInfo":{"tags":["interception","CONFIG"],"mode":"matchingTag"}} []
[2019-01-28 10:39:21] main.DEBUG: cache_invalidate:  {"method":"GET","url":"https://local.domain.com/","invalidateInfo":{"tags":["interception","CONFIG"],"mode":"matchingTag"}} []
[2019-01-28 10:43:57] main.DEBUG: cache_invalidate:  {"method":"GET","url":"https://local.domain.com/","invalidateInfo":{"tags":["interception","CONFIG"],"mode":"matchingTag"}} []
[2019-01-28 10:45:46] main.DEBUG: cache_invalidate:  {"method":"GET","url":"https://local.domain.com/","invalidateInfo":{"tags":["interception","CONFIG"],"mode":"matchingTag"}} []
[2019-01-28 10:51:35] main.DEBUG: cache_invalidate:  {"method":"GET","url":"https://local.domain.com/","invalidateInfo":{"tags":["interception","CONFIG"],"mode":"matchingTag"}} []
[2019-01-28 10:53:51] main.DEBUG: cache_invalidate:  {"method":"GET","url":"https://local.domain.com/","invalidateInfo":{"tags":["interception","CONFIG"],"mode":"matchingTag"}} []
[2019-01-28 11:01:54] main.DEBUG: cache_invalidate:  {"method":"GET","url":"https://local.domain.com/","invalidateInfo":{"tags":["interception","CONFIG"],"mode":"matchingTag"}} []
[2019-01-28 11:03:05] main.DEBUG: cache_invalidate:  {"method":"GET","url":"https://local.domain.com/","invalidateInfo":{"tags":["interception","CONFIG"],"mode":"matchingTag"}} []
[2019-01-28 11:04:55] main.DEBUG: cache_invalidate:  {"method":"GET","url":"https://local.domain.com/","invalidateInfo":{"tags":["interception","CONFIG"],"mode":"matchingTag"}} []
[2019-01-28 11:06:35] main.DEBUG: cache_invalidate:  {"method":"GET","url":"https://local.domain.com/","invalidateInfo":{"tags":["interception","CONFIG"],"mode":"matchingTag"}} []
[2019-01-28 11:11:13] main.DEBUG: cache_invalidate:  {"method":"GET","url":"https://local.domain.com/","invalidateInfo":{"tags":["interception","CONFIG"],"mode":"matchingTag"}} []
[2019-01-28 11:12:28] main.DEBUG: cache_invalidate:  {"method":"GET","url":"https://local.domain.com/","invalidateInfo":{"tags":["interception","CONFIG"],"mode":"matchingTag"}} []
[2019-01-28 11:13:43] main.DEBUG: cache_invalidate:  {"method":"GET","url":"https://local.domain.com/","invalidateInfo":{"tags":["interception","CONFIG"],"mode":"matchingTag"}} []
[2019-01-28 11:16:33] main.DEBUG: cache_invalidate:  {"method":"GET","url":"https://local.domain.com/","invalidateInfo":{"tags":["interception","CONFIG"],"mode":"matchingTag"}} []
[2019-01-28 11:19:30] main.DEBUG: cache_invalidate:  {"method":"GET","url":"http:/","invalidateInfo":{"tags":["interception","CONFIG"],"mode":"matchingTag"}} []
[2019-01-28 11:19:56] main.DEBUG: cache_invalidate:  {"method":"GET","url":"https://local.domain.com/customer/section/load/?sections=cart&update_section_id=false&_=1548674393130","invalidateInfo":{"tags":["interception","CONFIG"],"mode":"matchingTag"}} []
[2019-01-28 11:19:56] main.DEBUG: cache_invalidate:  {"method":"GET","url":"https://local.domain.com/serviceworker.js","invalidateInfo":{"tags":["interception","CONFIG"],"mode":"matchingTag"}} []
[2019-01-28 11:19:57] main.DEBUG: cache_invalidate:  {"method":"GET","url":"https://local.domain.com/customer/section/load/?sections=cart&update_section_id=false&_=1548674393131","invalidateInfo":{"tags":["interception","CONFIG"],"mode":"matchingTag"}} []
[2019-01-28 11:22:11] main.DEBUG: cache_invalidate:  {"method":"GET","url":"https://local.domain.com/","invalidateInfo":{"tags":["interception","CONFIG"],"mode":"matchingTag"}} []
[2019-01-28 11:27:03] main.DEBUG: cache_invalidate:  {"method":"GET","url":"https://local.domain.com/","invalidateInfo":{"tags":["interception","CONFIG"],"mode":"matchingTag"}} []
[2019-01-28 11:33:34] main.DEBUG: cache_invalidate:  {"method":"GET","url":"https://local.domain.com/","invalidateInfo":{"tags":["interception","CONFIG"],"mode":"matchingTag"}} []
[2019-01-28 11:39:44] main.DEBUG: cache_invalidate:  {"method":"GET","url":"https://local.domain.com/","invalidateInfo":{"tags":["interception","CONFIG"],"mode":"matchingTag"}} []
[2019-01-28 11:40:59] main.DEBUG: cache_invalidate:  {"method":"GET","url":"https://local.domain.com/","invalidateInfo":{"tags":["interception","CONFIG"],"mode":"matchingTag"}} []
[2019-01-28 11:49:55] main.DEBUG: cache_invalidate:  {"method":"GET","url":"https://local.domain.com/","invalidateInfo":{"tags":["interception","CONFIG"],"mode":"matchingTag"}} []
[2019-01-28 11:51:19] main.DEBUG: cache_invalidate:  {"method":"GET","url":"https://local.domain.com/","invalidateInfo":{"tags":["interception","CONFIG"],"mode":"matchingTag"}} []
[2019-01-28 11:52:33] main.DEBUG: cache_invalidate:  {"method":"GET","url":"https://local.domain.com/static/version1548671372/frontend/Magento/luma/en_US/Magento_Review/js/process-reviews.js?resource=frontend/Magento/luma/en_US/Magento_Review/js/process-reviews.js","invalidateInfo":{"tags":["interception","CONFIG"],"mode":"matchingTag"}} []
[2019-01-28 11:52:34] main.DEBUG: cache_invalidate:  {"method":"GET","url":"https://local.domain.com/static/version1548671372/frontend/Magento/luma/en_US/Magento_Catalog/js/product/view/provider.js?resource=frontend/Magento/luma/en_US/Magento_Catalog/js/product/view/provider.js","invalidateInfo":{"tags":["interception","CONFIG"],"mode":"matchingTag"}} []
[2019-01-28 11:52:34] main.DEBUG: cache_invalidate:  {"method":"GET","url":"https://local.domain.com/lifelong-fitness-iv.html","invalidateInfo":{"tags":["interception","CONFIG"],"mode":"matchingTag"}} []
[2019-01-28 11:52:34] main.DEBUG: cache_invalidate:  {"method":"GET","url":"https://local.domain.com/static/version1548671372/frontend/Magento/luma/en_US/Magento_Theme/js/view/breadcrumbs.js?resource=frontend/Magento/luma/en_US/Magento_Theme/js/view/breadcrumbs.js","invalidateInfo":{"tags":["interception","CONFIG"],"mode":"matchingTag"}} []
[2019-01-28 11:52:36] main.DEBUG: cache_invalidate:  {"method":"GET","url":"https://local.domain.com/static/version1548671372/frontend/Magento/luma/en_US/Magento_Theme/js/view/add-home-breadcrumb.js?resource=frontend/Magento/luma/en_US/Magento_Theme/js/view/add-home-breadcrumb.js","invalidateInfo":{"tags":["interception","CONFIG"],"mode":"matchingTag"}} []
[2019-01-28 11:52:38] main.DEBUG: cache_invalidate:  {"method":"GET","url":"http:/","invalidateInfo":{"tags":["interception","CONFIG"],"mode":"matchingTag"}} []
[2019-01-28 11:54:51] main.DEBUG: cache_invalidate:  {"method":"GET","url":"http:/","invalidateInfo":{"tags":["interception","CONFIG"],"mode":"matchingTag"}} []
[2019-01-28 11:55:16] main.DEBUG: cache_invalidate:  {"method":"GET","url":"https://local.domain.com/lifelong-fitness-iv.html","invalidateInfo":{"tags":["interception","CONFIG"],"mode":"matchingTag"}} []
[2019-01-28 11:58:25] main.DEBUG: cache_invalidate:  {"method":"GET","url":"https://local.domain.com/lifelong-fitness-iv.html","invalidateInfo":{"tags":["interception","CONFIG"],"mode":"matchingTag"}} []
[2019-01-28 11:59:49] main.DEBUG: cache_invalidate:  {"method":"GET","url":"https://local.domain.com/lifelong-fitness-iv.html","invalidateInfo":{"tags":["interception","CONFIG"],"mode":"matchingTag"}} []
[2019-01-28 12:22:22] main.DEBUG: cache_invalidate:  {"method":"GET","url":"https://local.domain.com/breathe-easy-tank.html","invalidateInfo":{"tags":["interception","CONFIG"],"mode":"matchingTag"}} []
[2019-01-28 12:27:37] main.DEBUG: cache_invalidate:  {"method":"GET","url":"https://local.domain.com/breathe-easy-tank.html","invalidateInfo":{"tags":["interception","CONFIG"],"mode":"matchingTag"}} []
[2019-01-28 12:32:53] main.DEBUG: cache_invalidate:  {"method":"GET","url":"http:/","invalidateInfo":{"tags":["interception","CONFIG"],"mode":"matchingTag"}} []
[2019-01-28 12:33:19] main.DEBUG: cache_invalidate:  {"method":"GET","url":"https://local.domain.com/serviceworker.js","invalidateInfo":{"tags":["interception","CONFIG"],"mode":"matchingTag"}} []
[2019-01-28 12:47:52] main.DEBUG: cache_invalidate:  {"method":"GET","url":"https://local.domain.com/breathe-easy-tank.html","invalidateInfo":{"tags":["interception","CONFIG"],"mode":"matchingTag"}} []
[2019-01-28 12:49:27] main.DEBUG: cache_invalidate:  {"method":"GET","url":"https://local.domain.com/breathe-easy-tank.html","invalidateInfo":{"tags":["interception","CONFIG"],"mode":"matchingTag"}} []
[2019-01-28 12:51:02] main.DEBUG: cache_invalidate:  {"method":"GET","url":"http:/","invalidateInfo":{"tags":["interception","CONFIG"],"mode":"matchingTag"}} []
[2019-01-28 12:51:36] main.DEBUG: cache_invalidate:  {"method":"GET","url":"https://local.domain.com/serviceworker.js","invalidateInfo":{"tags":["interception","CONFIG"],"mode":"matchingTag"}} []
[2019-01-28 12:58:48] main.DEBUG: cache_invalidate:  {"method":"GET","url":"https://local.domain.com/cassius-sparring-tank.html","invalidateInfo":{"tags":["interception","CONFIG"],"mode":"matchingTag"}} []
[2019-01-28 17:55:19] main.DEBUG: cache_invalidate:  {"method":"GET","url":"https://local.domain.com/cassius-sparring-tank.html","invalidateInfo":{"tags":["interception","CONFIG"],"mode":"matchingTag"}} []
[2019-01-28 17:56:07] main.DEBUG: cache_invalidate:  {"method":"GET","url":"https://local.domain.com/cassius-sparring-tank.html","invalidateInfo":{"tags":["interception","CONFIG"],"mode":"matchingTag"}} []
[2019-01-28 17:57:16] main.DEBUG: cache_invalidate:  {"method":"GET","url":"https://local.domain.com/cassius-sparring-tank.html","invalidateInfo":{"tags":["interception","CONFIG"],"mode":"matchingTag"}} []
[2019-01-28 17:58:20] main.DEBUG: cache_invalidate:  {"method":"GET","url":"https://local.domain.com/","invalidateInfo":{"tags":["interception","CONFIG"],"mode":"matchingTag"}} []
[2019-01-28 17:59:10] main.DEBUG: cache_invalidate:  {"method":"GET","url":"https://local.domain.com/","invalidateInfo":{"tags":["interception","CONFIG"],"mode":"matchingTag"}} []
[2019-01-28 18:00:37] main.DEBUG: cache_invalidate:  {"method":"GET","url":"https://local.domain.com/","invalidateInfo":{"tags":["interception","CONFIG"],"mode":"matchingTag"}} []
[2019-01-28 18:02:26] main.DEBUG: cache_invalidate:  {"method":"GET","url":"https://local.domain.com/","invalidateInfo":{"tags":["interception","CONFIG"],"mode":"matchingTag"}} []
[2019-01-28 18:08:49] main.DEBUG: cache_invalidate:  {"method":"GET","url":"https://local.domain.com/men/tops-men/jackets-men.html","invalidateInfo":{"tags":["interception","CONFIG"],"mode":"matchingTag"}} []
[2019-01-28 18:10:10] main.DEBUG: cache_invalidate:  {"method":"GET","url":"https://local.domain.com/proteus-fitness-jackshirt.html","invalidateInfo":{"tags":["interception","CONFIG"],"mode":"matchingTag"}} []
[2019-01-28 18:15:09] main.DEBUG: cache_invalidate:  {"method":"GET","url":"http:/","invalidateInfo":{"tags":["interception","CONFIG"],"mode":"matchingTag"}} []
[2019-01-28 18:15:27] main.DEBUG: cache_invalidate:  {"method":"GET","url":"https://local.domain.com/proteus-fitness-jackshirt.html","invalidateInfo":{"tags":["interception","CONFIG"],"mode":"matchingTag"}} []
[2019-01-28 18:16:43] main.DEBUG: cache_invalidate:  {"method":"GET","url":"https://local.domain.com/proteus-fitness-jackshirt.html","invalidateInfo":{"tags":["interception","CONFIG"],"mode":"matchingTag"}} []
[2019-01-28 18:17:47] main.DEBUG: cache_invalidate:  {"method":"GET","url":"https://local.domain.com/proteus-fitness-jackshirt.html","invalidateInfo":{"tags":["interception","CONFIG"],"mode":"matchingTag"}} []
[2019-01-28 18:20:24] main.DEBUG: cache_invalidate:  {"method":"GET","url":"https://local.domain.com/proteus-fitness-jackshirt.html","invalidateInfo":{"tags":["interception","CONFIG"],"mode":"matchingTag"}} []
[2019-01-28 18:23:59] main.DEBUG: cache_invalidate:  {"method":"GET","url":"https://local.domain.com/proteus-fitness-jackshirt.html","invalidateInfo":{"tags":["interception","CONFIG"],"mode":"matchingTag"}} []
[2019-01-28 18:25:48] main.DEBUG: cache_invalidate:  {"method":"GET","url":"https://local.domain.com/proteus-fitness-jackshirt.html","invalidateInfo":{"tags":["interception","CONFIG"],"mode":"matchingTag"}} []
[2019-01-28 18:27:02] main.DEBUG: cache_invalidate:  {"method":"GET","url":"https://local.domain.com/proteus-fitness-jackshirt.html","invalidateInfo":{"tags":["interception","CONFIG"],"mode":"matchingTag"}} []
[2019-01-28 18:28:59] main.DEBUG: cache_invalidate:  {"method":"GET","url":"https://local.domain.com/proteus-fitness-jackshirt.html","invalidateInfo":{"tags":["interception","CONFIG"],"mode":"matchingTag"}} []
[2019-01-28 18:33:32] main.DEBUG: cache_invalidate:  {"method":"GET","url":"https://local.domain.com/proteus-fitness-jackshirt.html","invalidateInfo":{"tags":["interception","CONFIG"],"mode":"matchingTag"}} []
[2019-01-28 18:37:42] main.DEBUG: cache_invalidate:  {"method":"GET","url":"https://local.domain.com/proteus-fitness-jackshirt.html","invalidateInfo":{"tags":["interception","CONFIG"],"mode":"matchingTag"}} []
[2019-01-28 18:42:27] main.DEBUG: cache_invalidate:  {"method":"GET","url":"https://local.domain.com/proteus-fitness-jackshirt.html","invalidateInfo":{"tags":["interception","CONFIG"],"mode":"matchingTag"}} []
[2019-01-28 18:44:02] main.DEBUG: cache_invalidate:  {"method":"GET","url":"https://local.domain.com/proteus-fitness-jackshirt.html","invalidateInfo":{"tags":["interception","CONFIG"],"mode":"matchingTag"}} []
[2019-01-28 18:45:46] main.DEBUG: cache_invalidate:  {"method":"GET","url":"https://local.domain.com/proteus-fitness-jackshirt.html","invalidateInfo":{"tags":["interception","CONFIG"],"mode":"matchingTag"}} []
[2019-01-28 18:47:31] main.DEBUG: cache_invalidate:  {"method":"GET","url":"http:/","invalidateInfo":{"tags":["interception","CONFIG"],"mode":"matchingTag"}} []
[2019-01-28 18:47:50] main.DEBUG: cache_invalidate:  {"method":"GET","url":"https://local.domain.com/proteus-fitness-jackshirt.html","invalidateInfo":{"tags":["interception","CONFIG"],"mode":"matchingTag"}} []
[2019-01-28 18:50:17] main.DEBUG: cache_invalidate:  {"method":"GET","url":"https://local.domain.com/proteus-fitness-jackshirt.html","invalidateInfo":{"tags":["interception","CONFIG"],"mode":"matchingTag"}} []
[2019-01-28 18:53:58] main.DEBUG: cache_invalidate:  {"method":"GET","url":"https://local.domain.com/proteus-fitness-jackshirt.html","invalidateInfo":{"tags":["interception","CONFIG"],"mode":"matchingTag"}} []
[2019-01-28 18:55:21] main.DEBUG: cache_invalidate:  {"method":"GET","url":"https://local.domain.com/proteus-fitness-jackshirt.html","invalidateInfo":{"tags":["interception","CONFIG"],"mode":"matchingTag"}} []
[2019-01-28 18:57:33] main.DEBUG: cache_invalidate:  {"method":"GET","url":"https://local.domain.com/proteus-fitness-jackshirt.html","invalidateInfo":{"tags":["interception","CONFIG"],"mode":"matchingTag"}} []
[2019-01-28 19:04:11] main.DEBUG: cache_invalidate:  {"method":"GET","url":"http:/","invalidateInfo":{"tags":["interception","CONFIG"],"mode":"matchingTag"}} []
[2019-01-28 19:04:13] main.DEBUG: cache_invalidate:  {"method":"GET","url":"https://local.domain.com/proteus-fitness-jackshirt.html","invalidateInfo":{"tags":["interception","CONFIG"],"mode":"matchingTag"}} []
[2019-01-28 19:04:39] main.DEBUG: cache_invalidate:  {"method":"GET","url":"https://local.domain.com/serviceworker.js","invalidateInfo":{"tags":["interception","CONFIG"],"mode":"matchingTag"}} []
[2019-01-28 19:13:56] main.DEBUG: cache_invalidate:  {"method":"GET","url":"https://local.domain.com/proteus-fitness-jackshirt.html","invalidateInfo":{"tags":["interception","CONFIG"],"mode":"matchingTag"}} []
[2019-01-28 19:16:43] main.DEBUG: cache_invalidate:  {"method":"GET","url":"https://local.domain.com/proteus-fitness-jackshirt.html","invalidateInfo":{"tags":["interception","CONFIG"],"mode":"matchingTag"}} []
[2019-01-28 19:21:38] main.DEBUG: cache_invalidate:  {"method":"GET","url":"https://local.domain.com/proteus-fitness-jackshirt.html","invalidateInfo":{"tags":["interception","CONFIG"],"mode":"matchingTag"}} []
[2019-01-28 19:22:58] main.DEBUG: cache_invalidate:  {"method":"GET","url":"https://local.domain.com/proteus-fitness-jackshirt.html","invalidateInfo":{"tags":["interception","CONFIG"],"mode":"matchingTag"}} []
[2019-01-28 19:25:05] main.DEBUG: cache_invalidate:  {"method":"GET","url":"https://local.domain.com/proteus-fitness-jackshirt.html","invalidateInfo":{"tags":["interception","CONFIG"],"mode":"matchingTag"}} []
[2019-01-29 05:12:27] main.DEBUG: cache_invalidate:  {"method":"GET","url":"https://local.domain.com/proteus-fitness-jackshirt.html","invalidateInfo":{"tags":["interception","CONFIG"],"mode":"matchingTag"}} []
[2019-01-29 05:22:20] main.DEBUG: cache_invalidate:  {"method":"GET","url":"https://local.domain.com/proteus-fitness-jackshirt.html","invalidateInfo":{"tags":["interception","CONFIG"],"mode":"matchingTag"}} []
[2019-01-29 05:24:16] main.DEBUG: cache_invalidate:  {"method":"GET","url":"https://local.domain.com/proteus-fitness-jackshirt.html","invalidateInfo":{"tags":["interception","CONFIG"],"mode":"matchingTag"}} []
[2019-01-29 05:25:51] main.DEBUG: cache_invalidate:  {"method":"GET","url":"https://local.domain.com/","invalidateInfo":{"tags":["interception","CONFIG"],"mode":"matchingTag"}} []
[2019-01-29 05:31:59] main.DEBUG: cache_invalidate:  {"method":"GET","url":"http:/","invalidateInfo":{"tags":["interception","CONFIG"],"mode":"matchingTag"}} []
[2019-01-29 05:32:27] main.DEBUG: cache_invalidate:  {"method":"GET","url":"https://local.domain.com/","invalidateInfo":{"tags":["interception","CONFIG"],"mode":"matchingTag"}} []
[2019-01-29 05:43:14] main.DEBUG: cache_invalidate:  {"method":"GET","url":"https://local.domain.com/","invalidateInfo":{"tags":["interception","CONFIG"],"mode":"matchingTag"}} []
[2019-01-29 05:49:54] main.DEBUG: cache_invalidate:  {"method":"GET","url":"https://local.domain.com/serviceworker.js","invalidateInfo":{"tags":["interception","CONFIG"],"mode":"matchingTag"}} []
[2019-01-29 05:49:56] main.DEBUG: cache_invalidate:  {"method":"GET","url":"http:/","invalidateInfo":{"tags":["interception","CONFIG"],"mode":"matchingTag"}} []
[2019-01-29 05:50:16] main.DEBUG: cache_invalidate:  {"method":"GET","url":"https://local.domain.com/serviceworker.js","invalidateInfo":{"tags":["interception","CONFIG"],"mode":"matchingTag"}} []
[2019-01-29 05:50:19] main.DEBUG: cache_invalidate:  {"method":"GET","url":"http:/","invalidateInfo":{"tags":["interception","CONFIG"],"mode":"matchingTag"}} []
[2019-01-29 05:50:41] main.DEBUG: cache_invalidate:  {"method":"GET","url":"https://local.domain.com/","invalidateInfo":{"tags":["interception","CONFIG"],"mode":"matchingTag"}} []
[2019-01-29 06:09:21] main.DEBUG: cache_invalidate:  {"method":"GET","url":"https://local.domain.com/serviceworker.js","invalidateInfo":{"tags":["interception","CONFIG"],"mode":"matchingTag"}} []
[2019-01-29 06:10:05] main.DEBUG: cache_invalidate:  {"method":"GET","url":"https://local.domain.com/serviceworker.js","invalidateInfo":{"tags":["interception","CONFIG"],"mode":"matchingTag"}} []
[2019-01-29 06:12:04] main.DEBUG: cache_invalidate:  {"method":"GET","url":"https://local.domain.com/","invalidateInfo":{"tags":["interception","CONFIG"],"mode":"matchingTag"}} []
[2019-01-29 06:14:09] main.DEBUG: cache_invalidate:  {"method":"GET","url":"https://local.domain.com/","invalidateInfo":{"tags":["interception","CONFIG"],"mode":"matchingTag"}} []
[2019-01-29 06:19:30] main.DEBUG: cache_invalidate:  {"method":"GET","url":"https://local.domain.com/argus-all-weather-tank.html","invalidateInfo":{"tags":["interception","CONFIG"],"mode":"matchingTag"}} []
[2019-01-29 06:23:10] main.DEBUG: cache_invalidate:  {"method":"GET","url":"https://local.domain.com/serviceworker.js","invalidateInfo":{"tags":["interception","CONFIG"],"mode":"matchingTag"}} []
[2019-01-29 06:24:18] main.DEBUG: cache_invalidate:  {"method":"GET","url":"https://local.domain.com/","invalidateInfo":{"tags":["interception","CONFIG"],"mode":"matchingTag"}} []
[2019-01-29 06:57:00] main.DEBUG: cache_invalidate:  {"method":"GET","url":"https://local.domain.com/push-it-messenger-bag.html","invalidateInfo":{"tags":["interception","CONFIG"],"mode":"matchingTag"}} []
[2019-01-29 07:04:21] main.DEBUG: cache_invalidate:  {"method":"GET","url":"https://local.domain.com/","invalidateInfo":{"tags":["interception","CONFIG"],"mode":"matchingTag"}} []
[2019-01-29 07:04:24] main.DEBUG: cache_invalidate:  {"method":"GET","url":"https://local.domain.com/","invalidateInfo":{"tags":["interception","CONFIG"],"mode":"matchingTag"}} []
[2019-01-29 07:05:31] main.DEBUG: cache_invalidate:  {"method":"GET","url":"https://local.domain.com/","invalidateInfo":{"tags":["interception","CONFIG"],"mode":"matchingTag"}} []
[2019-01-29 07:05:35] main.DEBUG: cache_invalidate:  {"method":"GET","url":"https://local.domain.com/","invalidateInfo":{"tags":["interception","CONFIG"],"mode":"matchingTag"}} []
[2019-01-29 07:07:39] main.DEBUG: cache_invalidate:  {"method":"GET","url":"https://local.domain.com/","invalidateInfo":{"tags":["interception","CONFIG"],"mode":"matchingTag"}} []
[2019-01-29 07:07:42] main.DEBUG: cache_invalidate:  {"method":"GET","url":"https://local.domain.com/","invalidateInfo":{"tags":["interception","CONFIG"],"mode":"matchingTag"}} []
[2019-01-29 07:14:38] main.DEBUG: cache_invalidate:  {"method":"GET","url":"https://local.domain.com/","invalidateInfo":{"tags":["interception","CONFIG"],"mode":"matchingTag"}} []
[2019-01-29 07:18:48] main.DEBUG: cache_invalidate:  {"method":"GET","url":"https://local.domain.com/","invalidateInfo":{"tags":["interception","CONFIG"],"mode":"matchingTag"}} []
[2019-01-29 07:23:32] main.DEBUG: cache_invalidate:  {"method":"GET","url":"http:/","invalidateInfo":{"tags":["interception","CONFIG"],"mode":"matchingTag"}} []
[2019-01-29 07:23:58] main.DEBUG: cache_invalidate:  {"method":"GET","url":"https://local.domain.com/serviceworker.js","invalidateInfo":{"tags":["interception","CONFIG"],"mode":"matchingTag"}} []
[2019-01-29 07:23:58] main.DEBUG: cache_invalidate:  {"method":"GET","url":"https://local.domain.com/customer/section/load/?sections=cart&update_section_id=false&_=1548746634313","invalidateInfo":{"tags":["interception","CONFIG"],"mode":"matchingTag"}} []
[2019-01-29 07:27:08] main.DEBUG: cache_invalidate:  {"method":"GET","url":"http:/","invalidateInfo":{"tags":["interception","CONFIG"],"mode":"matchingTag"}} []
[2019-01-29 07:27:32] main.DEBUG: cache_invalidate:  {"method":"GET","url":"https://local.domain.com/","invalidateInfo":{"tags":["interception","CONFIG"],"mode":"matchingTag"}} []
[2019-01-29 07:27:34] main.DEBUG: cache_invalidate:  {"method":"GET","url":"https://local.domain.com/","invalidateInfo":{"tags":["interception","CONFIG"],"mode":"matchingTag"}} []
[2019-01-29 07:39:57] main.DEBUG: cache_invalidate:  {"method":"GET","url":"https://local.domain.com/","invalidateInfo":{"tags":["interception","CONFIG"],"mode":"matchingTag"}} []
[2019-01-29 07:41:56] main.DEBUG: cache_invalidate:  {"method":"GET","url":"https://local.domain.com/push-it-messenger-bag.html","invalidateInfo":{"tags":["interception","CONFIG"],"mode":"matchingTag"}} []
[2019-01-29 07:43:39] main.DEBUG: cache_invalidate:  {"method":"GET","url":"https://local.domain.com/push-it-messenger-bag.html","invalidateInfo":{"tags":["interception","CONFIG"],"mode":"matchingTag"}} []
[2019-01-29 12:25:49] main.DEBUG: cache_invalidate:  {"method":"GET","url":"https://local.domain.com/customer/section/load/?sections=cart&update_section_id=false&_=1548764746356","invalidateInfo":{"tags":["interception","CONFIG"],"mode":"matchingTag"}} []
[2019-01-29 12:25:49] main.DEBUG: cache_invalidate:  {"method":"GET","url":"https://local.domain.com/customer/section/load/?sections=cart&update_section_id=false&_=1548764746355","invalidateInfo":{"tags":["interception","CONFIG"],"mode":"matchingTag"}} []
[2019-01-29 12:25:50] main.DEBUG: cache_invalidate:  {"method":"GET","url":"https://local.domain.com/serviceworker.js","invalidateInfo":{"tags":["interception","CONFIG"],"mode":"matchingTag"}} []
[2019-01-29 12:28:13] main.DEBUG: cache_invalidate:  {"method":"GET","url":"https://local.domain.com/","invalidateInfo":{"tags":["interception","CONFIG"],"mode":"matchingTag"}} []
[2019-01-29 12:28:15] main.DEBUG: cache_invalidate:  {"method":"GET","url":"https://local.domain.com/","invalidateInfo":{"tags":["interception","CONFIG"],"mode":"matchingTag"}} []
[2019-01-29 12:31:11] main.DEBUG: cache_invalidate:  {"method":"GET","url":"https://local.domain.com/","invalidateInfo":{"tags":["interception","CONFIG"],"mode":"matchingTag"}} []
[2019-01-29 12:31:13] main.DEBUG: cache_invalidate:  {"method":"GET","url":"https://local.domain.com/","invalidateInfo":{"tags":["interception","CONFIG"],"mode":"matchingTag"}} []
[2019-01-29 12:36:03] main.DEBUG: cache_invalidate:  {"method":"GET","url":"https://local.domain.com/","invalidateInfo":{"tags":["interception","CONFIG"],"mode":"matchingTag"}} []
[2019-01-29 12:36:05] main.DEBUG: cache_invalidate:  {"method":"GET","url":"https://local.domain.com/","invalidateInfo":{"tags":["interception","CONFIG"],"mode":"matchingTag"}} []
[2019-01-29 18:46:10] main.DEBUG: cache_invalidate:  {"method":"GET","url":"https://local.domain.com/","invalidateInfo":{"tags":["interception","CONFIG"],"mode":"matchingTag"}} []
[2019-01-29 18:50:19] main.DEBUG: cache_invalidate:  {"method":"GET","url":"https://local.domain.com/","invalidateInfo":{"tags":["interception","CONFIG"],"mode":"matchingTag"}} []
[2019-01-29 19:06:05] main.DEBUG: cache_invalidate:  {"method":"GET","url":"https://local.domain.com/serviceworker.js","invalidateInfo":{"tags":["interception","CONFIG"],"mode":"matchingTag"}} []
[2019-01-29 19:24:33] main.DEBUG: cache_invalidate:  {"method":"GET","url":"http:/","invalidateInfo":{"tags":["interception","CONFIG"],"mode":"matchingTag"}} []
[2019-01-29 19:24:53] main.DEBUG: cache_invalidate:  {"method":"GET","url":"https://local.domain.com/customer/section/load/?sections=cart&update_section_id=false&_=1548789890236","invalidateInfo":{"tags":["interception","CONFIG"],"mode":"matchingTag"}} []
[2019-01-29 19:24:53] main.DEBUG: cache_invalidate:  {"method":"GET","url":"https://local.domain.com/customer/section/load/?sections=cart&update_section_id=false&_=1548789890237","invalidateInfo":{"tags":["interception","CONFIG"],"mode":"matchingTag"}} []
[2019-01-29 19:24:54] main.DEBUG: cache_invalidate:  {"method":"GET","url":"https://local.domain.com/serviceworker.js","invalidateInfo":{"tags":["interception","CONFIG"],"mode":"matchingTag"}} []
[2019-01-29 19:28:02] main.DEBUG: cache_invalidate:  {"method":"GET","url":"https://local.domain.com/","invalidateInfo":{"tags":["interception","CONFIG"],"mode":"matchingTag"}} []
[2019-01-29 19:31:27] main.DEBUG: cache_invalidate:  {"method":"GET","url":"https://local.domain.com/","invalidateInfo":{"tags":["interception","CONFIG"],"mode":"matchingTag"}} []
[2019-01-29 19:32:16] main.DEBUG: cache_invalidate:  {"method":"GET","url":"http:/","invalidateInfo":{"tags":["interception","CONFIG"],"mode":"matchingTag"}} []
[2019-01-29 19:32:33] main.DEBUG: cache_invalidate:  {"method":"GET","url":"https://local.domain.com/","invalidateInfo":{"tags":["interception","CONFIG"],"mode":"matchingTag"}} []
[2019-01-29 19:36:04] main.DEBUG: cache_invalidate:  {"method":"GET","url":"https://local.domain.com/","invalidateInfo":{"tags":["interception","CONFIG"],"mode":"matchingTag"}} []
[2019-01-29 19:37:19] main.DEBUG: cache_invalidate:  {"method":"GET","url":"https://local.domain.com/","invalidateInfo":{"tags":["interception","CONFIG"],"mode":"matchingTag"}} []
[2019-01-29 19:37:21] main.DEBUG: cache_invalidate:  {"method":"GET","url":"https://local.domain.com/","invalidateInfo":{"tags":["interception","CONFIG"],"mode":"matchingTag"}} []
[2019-01-31 13:23:00] main.DEBUG: cache_invalidate:  {"method":"GET","url":"https://local.domain.com/","invalidateInfo":{"tags":["interception","CONFIG"],"mode":"matchingTag"}} []
[2019-01-31 13:46:51] main.DEBUG: cache_invalidate:  {"method":"GET","url":"https://local.domain.com/admin/admin/index/index/key/5e3d14aba47d3d269571620f90f39e02e2748daca94f024f6197e36e412a19be/","invalidateInfo":{"tags":["interception","CONFIG"],"mode":"matchingTag"}} []
